<?xml version="1.0" encoding="UTF-8"?>
<testsuite name="DollarTest" tests="1" skipped="0" failures="0" errors="0" timestamp="2023-01-25T15:05:39" hostname="DESKTOP-5TJ7OBF" time="0.017">
  <properties/>
  <testcase name="times()" classname="DollarTest" time="0.017"/>
  <system-out><![CDATA[]]></system-out>
  <system-err><![CDATA[]]></system-err>
</testsuite>
